<?xml version="1.0" encoding="UTF-8"?>
<!-- Generated by org.testng.reporters.JUnitReportReporter -->
<testsuite skipped="0" hostname="ShiluMukund" name="com.parasoft.paraproject.Registration" tests="1" failures="0" timestamp="2023-05-09T09:19:32 CEST" time="0.031" errors="0">
  <testcase name="openApp" time="0.031" classname="com.parasoft.paraproject.Registration"/>
  <system-out/>
</testsuite> <!-- com.parasoft.paraproject.Registration -->
