<?xml version="1.0" encoding="UTF-8"?>
<!-- Generated by org.testng.reporters.JUnitReportReporter -->
<testsuite skipped="0" hostname="ShiluMukund" name="com.parasoft.paraproject.RegistrationPage" tests="2" failures="0" timestamp="2023-05-09T11:52:34 CEST" time="10.454" errors="0">
  <testcase name="testRegistration" time="4.796" classname="com.parasoft.paraproject.RegistrationPage"/>
  <system-out/>
  <testcase name="testRegistration" time="5.658" classname="com.parasoft.paraproject.RegistrationPage"/>
  <system-out/>
</testsuite> <!-- com.parasoft.paraproject.RegistrationPage -->
