<?xml version="1.0" encoding="UTF-8"?>
<!-- Generated by org.testng.reporters.JUnitReportReporter -->
<testsuite skipped="0" hostname="ShiluMukund" name="com.parasoft.paraproject.AccountServices" tests="2" failures="0" timestamp="2023-05-14T11:35:44 CEST" time="9.536" errors="0">
  <testcase name="testRegistration" time="9.129" classname="com.parasoft.paraproject.AccountServices"/>
  <system-out/>
  <testcase name="testAccountServices" time="0.407" classname="com.parasoft.paraproject.AccountServices"/>
  <system-out/>
</testsuite> <!-- com.parasoft.paraproject.AccountServices -->
