<?xml version="1.0" encoding="UTF-8"?>
<!-- Generated by org.testng.reporters.JUnitReportReporter -->
<testsuite skipped="0" hostname="ShiluMukund" name="com.parasoft.paraproject.OpenAccount" tests="2" failures="0" timestamp="2023-05-14T11:35:44 CEST" time="11.593" errors="0">
  <testcase name="testRegistration" time="5.452" classname="com.parasoft.paraproject.OpenAccount"/>
  <system-out/>
  <testcase name="testOpenNewAccount" time="6.141" classname="com.parasoft.paraproject.OpenAccount"/>
  <system-out/>
</testsuite> <!-- com.parasoft.paraproject.OpenAccount -->
