<?xml version="1.0" encoding="UTF-8"?>
<!-- Generated by org.testng.reporters.JUnitReportReporter -->
<testsuite skipped="0" hostname="ShiluMukund" name="com.parasoft.paraproject.ExtendReportTestNG" tests="2" failures="0" timestamp="2023-05-13T09:45:13 CEST" time="26.604" errors="0">
  <testcase name="test2" time="18.672" classname="com.parasoft.paraproject.ExtendReportTestNG"/>
  <system-out/>
  <testcase name="test1" time="7.932" classname="com.parasoft.paraproject.ExtendReportTestNG"/>
  <system-out/>
</testsuite> <!-- com.parasoft.paraproject.ExtendReportTestNG -->
