<?xml version="1.0" encoding="UTF-8"?>
<!-- Generated by org.testng.reporters.JUnitReportReporter -->
<testsuite skipped="0" hostname="ShiluMukund" name="com.parasoft.paraproject.LoginPage" tests="1" failures="0" timestamp="2023-05-14T11:35:44 CEST" time="4.757" errors="0">
  <testcase name="testLoginscreen" time="4.757" classname="com.parasoft.paraproject.LoginPage"/>
  <system-out/>
</testsuite> <!-- com.parasoft.paraproject.LoginPage -->
