<?xml version="1.0" encoding="UTF-8"?>
<!-- Generated by org.testng.reporters.JUnitReportReporter -->
<testsuite skipped="0" hostname="ShiluMukund" name="com.parasoft.paraproject.RequestLoan" tests="2" failures="0" timestamp="2023-05-14T11:35:44 CEST" time="6.848" errors="0">
  <testcase name="testRegistration" time="4.982" classname="com.parasoft.paraproject.RequestLoan"/>
  <system-out/>
  <testcase name="testRequestLoan1" time="1.866" classname="com.parasoft.paraproject.RequestLoan"/>
  <system-out/>
</testsuite> <!-- com.parasoft.paraproject.RequestLoan -->
