<?xml version="1.0" encoding="UTF-8"?>
<!-- Generated by org.testng.reporters.JUnitReportReporter -->
<testsuite skipped="0" hostname="ShiluMukund" name="com.parasoft.paraproject.TempRegistrationPage2" tests="1" failures="0" timestamp="2023-05-13T09:53:40 CEST" time="8.080" errors="0">
  <testcase name="testRegistration" time="8.080" classname="com.parasoft.paraproject.TempRegistrationPage2"/>
  <system-out/>
</testsuite> <!-- com.parasoft.paraproject.TempRegistrationPage2 -->
